<?xml version="1.0" encoding="UTF-8"?>
<!-- Generated by org.testng.reporters.JUnitReportReporter -->
<testsuite hostname="DESKTOP-G34M644" failures="0" tests="1" name="testCases.TC_0001_AccountRegistration" time="41.189" errors="0" timestamp="2024-12-31T18:17:03 IST" skipped="0">
  <testcase classname="testCases.TC_0001_AccountRegistration" name="verify_account_registration" time="41.189"/>
</testsuite> <!-- testCases.TC_0001_AccountRegistration -->
