<?xml version="1.0" encoding="UTF-8"?>
<!-- Generated by org.testng.reporters.JUnitReportReporter -->
<testsuite hostname="DESKTOP-G34M644" failures="0" tests="5" name="testCases.TC__003LoginDDT" time="40.541" errors="0" timestamp="2024-12-31T10:57:18 IST" skipped="0">
  <testcase classname="testCases.TC__003LoginDDT" name="verify_logindata" time="6.365"/>
  <testcase classname="testCases.TC__003LoginDDT" name="verify_logindata" time="8.235"/>
  <testcase classname="testCases.TC__003LoginDDT" name="verify_logindata" time="9.721"/>
  <testcase classname="testCases.TC__003LoginDDT" name="verify_logindata" time="8.206"/>
  <testcase classname="testCases.TC__003LoginDDT" name="verify_logindata" time="8.014"/>
</testsuite> <!-- testCases.TC__003LoginDDT -->
