<?xml version="1.0" encoding="UTF-8"?>
<!-- Generated by org.testng.reporters.JUnitReportReporter -->
<testsuite hostname="DESKTOP-G34M644" failures="0" tests="1" name="pageObjects.basic" time="0.007" errors="0" timestamp="2024-12-27T01:58:56 IST" skipped="0">
  <testcase classname="pageObjects.basic" name="add" time="0.007"/>
</testsuite> <!-- pageObjects.basic -->
