<?xml version="1.0" encoding="UTF-8"?>
<!-- Generated by org.testng.reporters.JUnitReportReporter -->
<testsuite hostname="DESKTOP-G34M644" failures="0" tests="1" name="testCases.TC_0001_AccountRegistration" time="42.888" errors="0" timestamp="2024-12-31T22:59:40 IST" skipped="0">
  <testcase classname="testCases.TC_0001_AccountRegistration" name="verify_account_registration" time="42.888"/>
</testsuite> <!-- testCases.TC_0001_AccountRegistration -->
